Arguments: 
  /usr/local/bin/node /usr/local/bin/yarn add layout.scss

PATH: 
  /usr/local/bin:/usr/bin:/bin:/usr/sbin:/sbin

Yarn version: 
  1.13.0

Node version: 
  10.16.0

Platform: 
  darwin x64

Trace: 
  Error: https://registry.npm.taobao.org/layout.scss: Not found
      at Request.params.callback [as _callback] (/usr/local/lib/node_modules/yarn/lib/cli.js:66255:18)
      at Request.self.callback (/usr/local/lib/node_modules/yarn/lib/cli.js:129397:22)
      at Request.emit (events.js:198:13)
      at Request.<anonymous> (/usr/local/lib/node_modules/yarn/lib/cli.js:130369:10)
      at Request.emit (events.js:198:13)
      at IncomingMessage.<anonymous> (/usr/local/lib/node_modules/yarn/lib/cli.js:130291:12)
      at Object.onceWrapper (events.js:286:20)
      at IncomingMessage.emit (events.js:203:15)
      at endReadableNT (_stream_readable.js:1129:12)
      at process._tickCallback (internal/process/next_tick.js:63:19)

npm manifest: 
  {
    "name": "mvc",
    "version": "1.0.0",
    "main": "index.ts",
    "license": "MIT",
    "dependencies": {
      "@types/jquery": "^3.3.31",
      "jquery": "^3.4.1"
    }
  }

yarn manifest: 
  No manifest

Lockfile: 
  # THIS IS AN AUTOGENERATED FILE. DO NOT EDIT THIS FILE DIRECTLY.
  # yarn lockfile v1
  
  
  "@types/jquery@^3.3.31":
    version "3.3.31"
    resolved "https://registry.npm.taobao.org/@types/jquery/download/@types/jquery-3.3.31.tgz?cache=0&sync_timestamp=1572463190316&other_urls=https%3A%2F%2Fregistry.npm.taobao.org%2F%40types%2Fjquery%2Fdownload%2F%40types%2Fjquery-3.3.31.tgz#27c706e4bf488474e1cb54a71d8303f37c93451b"
    integrity sha1-J8cG5L9IhHThy1SnHYMD83yTRRs=
    dependencies:
      "@types/sizzle" "*"
  
  "@types/sizzle@*":
    version "2.3.2"
    resolved "https://registry.npm.taobao.org/@types/sizzle/download/@types/sizzle-2.3.2.tgz#a811b8c18e2babab7d542b3365887ae2e4d9de47"
    integrity sha1-qBG4wY4rq6t9VCszZYh64uTZ3kc=
  
  jquery@^3.4.1:
    version "3.4.1"
    resolved "https://registry.npm.taobao.org/jquery/download/jquery-3.4.1.tgz#714f1f8d9dde4bdfa55764ba37ef214630d80ef2"
    integrity sha1-cU8fjZ3eS9+lV2S6N+8hRjDYDvI=
